<?xml version="1.0" encoding="UTF-8"?>
<testsuite name="Conversor de Tasas de interes" tests="1" skipped="0" failures="0" errors="0" timestamp="2021-07-16T23:37:04" hostname="DESKTOP-ONIOIED" time="19.762">
  <properties/>
  <testcase name="Validar que el cliente pueda realizar la Convercion de tasa nominal a efectiva" classname="Conversor de Tasas de interes" time="19.762"/>
  <system-out><![CDATA[Step argument class io.cucumber.core.gherkin.vintage.GherkinVintageDataTableArgument
]]></system-out>
  <system-err><![CDATA[[Test worker] INFO io.cucumber.core.plugin.SerenityReporter - Running feature from file:///C:/Reto/src/test/java/co/com/bancolombia/certificacion/features/conversor_de_tasas.feature
[Test worker] WARN io.cucumber.core.plugin.SerenityReporter - Feature from file:///C:/Reto/src/test/java/co/com/bancolombia/certificacion/features/conversor_de_tasas.feature is not under the 'features' directory. Requirements report will not be correctly generated!
[Test worker] INFO  - 
 _____ _____ ____ _____   ____ _____  _    ____ _____ _____ ____  
|_   _| ____/ ___|_   _| / ___|_   _|/ \  |  _ \_   _| ____|  _ \ 
  | | |  _| \___ \ | |   \___ \ | | / _ \ | |_) || | |  _| | | | |
  | | | |___ ___) || |    ___) || |/ ___ \|  _ < | | | |___| |_| |
  |_| |_____|____/ |_|   |____/ |_/_/   \_\_| \_\|_| |_____|____/ 

Validar que el cliente pueda realizar la Convercion de tasa nominal a efectiva(conversor-de-tasas-de-interes;validar-que-el-cliente-pueda-realizar-la-convercion-de-tasa-nominal-a-efectiva)
-------------------------------------------------------------------
Starting ChromeDriver 91.0.4472.101 (af52a90bf87030dd1523486a1cd3ae25c5d76c9b-refs/branch-heads/4472@{#1462}) on port 47502
Only local connections are allowed.
Please see https://chromedriver.chromium.org/security-considerations for suggestions on keeping ChromeDriver safe.
ChromeDriver was started successfully.
jul. 16, 2021 6:37:05 P. M. org.openqa.selenium.remote.ProtocolHandshake createSession
INFO: Detected dialect: W3C
[Test worker] INFO  - ?[92m
        __    _____ _____ ____ _____   ____   _    ____  ____  _____ ____  
  _     \ \  |_   _| ____/ ___|_   _| |  _ \ / \  / ___|/ ___|| ____|  _ \ 
 (_)_____| |   | | |  _| \___ \ | |   | |_) / _ \ \___ \\___ \|  _| | | | |
  _|_____| |   | | | |___ ___) || |   |  __/ ___ \ ___) |___) | |___| |_| |
 (_)     | |   |_| |_____|____/ |_|   |_| /_/   \_\____/|____/|_____|____/ 
        /_/                                                                

Validar que el cliente pueda realizar la Convercion de tasa nominal a efectiva
----------------------------------------------------------------------------?[0m
]]></system-err>
</testsuite>
