<?xml version="1.0" encoding="UTF-8"?>
<testsuite name="co.com.bancolombia.certificacion.runners.ConversorDeTasas" tests="0" skipped="0" failures="0" errors="0" timestamp="1970-01-01T00:00:00" hostname="DESKTOP-ONIOIED" time="0.0">
  <properties/>
  <system-out><![CDATA[
1 Scenarios (1 passed)
5 Steps (5 passed)
0m19,972s


]]></system-out>
  <system-err><![CDATA[jul. 16, 2021 6:37:03 P. M. io.cucumber.core.options.CucumberPropertiesParser parse
WARNING: Passing commandline options via the property `cucumber.options` has been deprecatedin favour of explicitly using property names.
Please use these instead: [cucumber.ansi-colors.disabled, cucumber.execution.dry-run, cucumber.execution.limit, cucumber.execution.order, cucumber.execution.strict, cucumber.execution.wip, cucumber.features, cucumber.filter.name, cucumber.filter.tags, cucumber.glue, cucumber.object-factory, cucumber.plugin, cucumber.snippet-type]
[Test worker] WARN io.cucumber.junit.CucumberSerenityRunner - By default Cucumber is running in --non-strict mode.
This default will change to --strict and --non-strict will be removed.
You can use --strict or @CucumberOptions(strict = true) to suppress this warning
[Test worker] INFO io.cucumber.core.plugin.SerenityReporter - Running feature from file:///C:/Reto/src/test/java/co/com/bancolombia/certificacion/features/conversor_de_tasas.feature
[Test worker] WARN io.cucumber.core.plugin.SerenityReporter - Feature from file:///C:/Reto/src/test/java/co/com/bancolombia/certificacion/features/conversor_de_tasas.feature is not under the 'features' directory. Requirements report will not be correctly generated!
[Test worker] INFO  - ?[96m

-------------------------------------------------------------------------------------
     _______. _______ .______       _______ .__   __.  __  .___________.____    ____ 
    /       ||   ____||   _  \     |   ____||  \ |  | |  | |           |\   \  /   / 
   |   (----`|  |__   |  |_)  |    |  |__   |   \|  | |  | `---|  |----` \   \/   /  
    \   \    |   __|  |      /     |   __|  |  . `  | |  |     |  |       \_    _/   
.----)   |   |  |____ |  |\  \----.|  |____ |  |\   | |  |     |  |         |  |     
|_______/    |_______|| _| `._____||_______||__| \__| |__|     |__|         |__|    
                                                                                     
 News and tutorials at http://www.serenity-bdd.info                                  
 Documentation at https://wakaleo.gitbooks.io/the-serenity-book/content/             
 Join the Serenity Community on Gitter: https://gitter.im/serenity-bdd/serenity-core 
 Serenity BDD Support and Training at http://serenity-bdd.info/#/trainingandsupport  
-------------------------------------------------------------------------------------
?[0m
[Test worker] INFO  - Test Suite Started: Conversor de Tasas de interes
]]></system-err>
</testsuite>
